{"time": "2026-04-10T01:32:22.127315", "level": "INFO", "message": "\u27a1\ufe0f POST http://127.0.0.1:8004/auth/login"}
{"time": "2026-04-10T01:32:22.180827", "level": "INFO", "message": "\u2b05\ufe0f 401 completed in 53.52ms"}
{"time": "2026-04-10T01:32:56.740476", "level": "INFO", "message": "\u27a1\ufe0f POST http://127.0.0.1:8004/auth/login"}
{"time": "2026-04-10T01:32:56.795951", "level": "INFO", "message": "\u2b05\ufe0f 401 completed in 55.53ms"}
{"time": "2026-04-10T01:34:31.621469", "level": "INFO", "message": "\u27a1\ufe0f GET http://127.0.0.1:8004/auth/login"}
{"time": "2026-04-10T01:34:31.622939", "level": "INFO", "message": "\u2b05\ufe0f 405 completed in 1.47ms"}
{"time": "2026-04-10T01:43:31.067108", "level": "INFO", "message": "REQUEST | method=POST path=/auth/login"}
{"time": "2026-04-10T01:43:31.508886", "level": "INFO", "message": "RESPONSE | status=200 time=441.84ms path=/auth/login"}
{"time": "2026-04-10T01:44:01.157596", "level": "INFO", "message": "REQUEST | method=GET path=/auth/test-auth"}
{"time": "2026-04-10T01:44:01.160871", "level": "INFO", "message": "RESPONSE | status=200 time=3.32ms path=/auth/test-auth"}
{"time": "2026-04-10T01:47:44.910058", "level": "INFO", "message": "REQUEST | method=POST path=/auth/login"}
{"time": "2026-04-10T01:47:45.248486", "level": "INFO", "message": "RESPONSE | status=200 time=338.44ms path=/auth/login"}
{"time": "2026-04-10T01:47:46.094508", "level": "INFO", "message": "REQUEST | method=POST path=/auth/login"}
{"time": "2026-04-10T01:47:46.459974", "level": "INFO", "message": "RESPONSE | status=200 time=365.5ms path=/auth/login"}
{"time": "2026-04-10T01:47:47.136522", "level": "INFO", "message": "REQUEST | method=POST path=/auth/login"}
{"time": "2026-04-10T01:47:47.482529", "level": "INFO", "message": "RESPONSE | status=200 time=346.03ms path=/auth/login"}
{"time": "2026-04-10T01:47:47.617393", "level": "INFO", "message": "REQUEST | method=POST path=/auth/login"}
{"time": "2026-04-10T01:47:47.950609", "level": "INFO", "message": "RESPONSE | status=200 time=333.26ms path=/auth/login"}
{"time": "2026-04-10T01:47:48.106317", "level": "INFO", "message": "REQUEST | method=POST path=/auth/login"}
{"time": "2026-04-10T01:47:48.450078", "level": "INFO", "message": "RESPONSE | status=200 time=343.8ms path=/auth/login"}
{"time": "2026-04-10T01:47:48.590935", "level": "INFO", "message": "REQUEST | method=POST path=/auth/login"}
{"time": "2026-04-10T01:47:48.949432", "level": "INFO", "message": "RESPONSE | status=200 time=358.52ms path=/auth/login"}
{"time": "2026-04-10T01:47:49.084979", "level": "INFO", "message": "REQUEST | method=POST path=/auth/login"}
{"time": "2026-04-10T01:47:49.419789", "level": "INFO", "message": "RESPONSE | status=200 time=334.84ms path=/auth/login"}
{"time": "2026-04-10T01:47:49.547684", "level": "INFO", "message": "REQUEST | method=POST path=/auth/login"}
{"time": "2026-04-10T01:47:49.889161", "level": "INFO", "message": "RESPONSE | status=200 time=341.49ms path=/auth/login"}
{"time": "2026-04-10T01:47:50.032771", "level": "INFO", "message": "REQUEST | method=POST path=/auth/login"}
{"time": "2026-04-10T01:47:50.369305", "level": "INFO", "message": "RESPONSE | status=200 time=336.61ms path=/auth/login"}
{"time": "2026-04-10T01:47:50.530787", "level": "INFO", "message": "REQUEST | method=POST path=/auth/login"}
{"time": "2026-04-10T01:47:50.881883", "level": "INFO", "message": "RESPONSE | status=200 time=351.16ms path=/auth/login"}
{"time": "2026-04-10T01:47:51.033071", "level": "INFO", "message": "REQUEST | method=POST path=/auth/login"}
{"time": "2026-04-10T01:47:51.376228", "level": "INFO", "message": "RESPONSE | status=200 time=343.16ms path=/auth/login"}
{"time": "2026-04-10T01:47:51.551983", "level": "INFO", "message": "REQUEST | method=POST path=/auth/login"}
{"time": "2026-04-10T01:47:51.946361", "level": "INFO", "message": "RESPONSE | status=200 time=394.26ms path=/auth/login"}
{"time": "2026-04-10T01:47:52.063337", "level": "INFO", "message": "REQUEST | method=POST path=/auth/login"}
{"time": "2026-04-10T01:47:52.380908", "level": "INFO", "message": "RESPONSE | status=200 time=317.62ms path=/auth/login"}
{"time": "2026-04-10T01:47:52.549599", "level": "INFO", "message": "REQUEST | method=POST path=/auth/login"}
{"time": "2026-04-10T01:47:52.899952", "level": "INFO", "message": "RESPONSE | status=200 time=350.41ms path=/auth/login"}
{"time": "2026-04-10T01:47:53.073943", "level": "INFO", "message": "REQUEST | method=POST path=/auth/login"}
{"time": "2026-04-10T01:47:53.407796", "level": "INFO", "message": "RESPONSE | status=200 time=333.86ms path=/auth/login"}
{"time": "2026-04-10T01:47:53.594362", "level": "INFO", "message": "REQUEST | method=POST path=/auth/login"}
{"time": "2026-04-10T01:47:53.934824", "level": "INFO", "message": "RESPONSE | status=200 time=340.5ms path=/auth/login"}
{"time": "2026-04-10T01:47:54.091697", "level": "INFO", "message": "REQUEST | method=POST path=/auth/login"}
{"time": "2026-04-10T01:47:54.430732", "level": "INFO", "message": "RESPONSE | status=200 time=339.07ms path=/auth/login"}
{"time": "2026-04-10T01:47:54.620979", "level": "INFO", "message": "REQUEST | method=POST path=/auth/login"}
{"time": "2026-04-10T01:47:54.969431", "level": "INFO", "message": "RESPONSE | status=200 time=348.47ms path=/auth/login"}
{"time": "2026-04-10T01:47:55.133550", "level": "INFO", "message": "REQUEST | method=POST path=/auth/login"}
{"time": "2026-04-10T01:47:55.472144", "level": "INFO", "message": "RESPONSE | status=200 time=338.56ms path=/auth/login"}
{"time": "2026-04-10T01:47:55.644540", "level": "INFO", "message": "REQUEST | method=POST path=/auth/login"}
{"time": "2026-04-10T01:47:55.994610", "level": "INFO", "message": "RESPONSE | status=200 time=350.07ms path=/auth/login"}
{"time": "2026-04-10T01:47:56.144475", "level": "INFO", "message": "REQUEST | method=POST path=/auth/login"}
{"time": "2026-04-10T01:47:56.505133", "level": "INFO", "message": "RESPONSE | status=200 time=360.69ms path=/auth/login"}
{"time": "2026-04-10T01:47:56.637624", "level": "INFO", "message": "REQUEST | method=POST path=/auth/login"}
{"time": "2026-04-10T01:47:56.981957", "level": "INFO", "message": "RESPONSE | status=200 time=344.31ms path=/auth/login"}
{"time": "2026-04-10T01:47:57.111210", "level": "INFO", "message": "REQUEST | method=POST path=/auth/login"}
{"time": "2026-04-10T01:47:57.460147", "level": "INFO", "message": "RESPONSE | status=200 time=348.96ms path=/auth/login"}
{"time": "2026-04-10T01:47:57.597037", "level": "INFO", "message": "REQUEST | method=POST path=/auth/login"}
{"time": "2026-04-10T01:47:57.947692", "level": "INFO", "message": "RESPONSE | status=200 time=350.67ms path=/auth/login"}
{"time": "2026-04-10T01:47:58.075812", "level": "INFO", "message": "REQUEST | method=POST path=/auth/login"}
{"time": "2026-04-10T01:47:58.424942", "level": "INFO", "message": "RESPONSE | status=200 time=349.12ms path=/auth/login"}
{"time": "2026-04-10T01:47:58.558463", "level": "INFO", "message": "REQUEST | method=POST path=/auth/login"}
{"time": "2026-04-10T01:47:58.915381", "level": "INFO", "message": "RESPONSE | status=200 time=356.94ms path=/auth/login"}
{"time": "2026-04-10T01:47:59.034708", "level": "INFO", "message": "REQUEST | method=POST path=/auth/login"}
{"time": "2026-04-10T01:47:59.367877", "level": "INFO", "message": "RESPONSE | status=200 time=333.19ms path=/auth/login"}
{"time": "2026-04-10T01:47:59.519173", "level": "INFO", "message": "REQUEST | method=POST path=/auth/login"}
{"time": "2026-04-10T01:47:59.854942", "level": "INFO", "message": "RESPONSE | status=200 time=335.78ms path=/auth/login"}
{"time": "2026-04-10T01:49:39.213588", "level": "INFO", "message": "REQUEST | method=GET path=/docs"}
{"time": "2026-04-10T01:49:39.214686", "level": "INFO", "message": "RESPONSE | status=200 time=1.23ms path=/docs"}
{"time": "2026-04-10T01:49:39.434697", "level": "INFO", "message": "REQUEST | method=GET path=/openapi.json"}
{"time": "2026-04-10T01:49:39.497846", "level": "INFO", "message": "RESPONSE | status=200 time=63.11ms path=/openapi.json"}
{"time": "2026-04-10T01:49:45.139534", "level": "INFO", "message": "REQUEST | method=GET path=/auth/test-auth"}
{"time": "2026-04-10T01:49:45.140773", "level": "INFO", "message": "RESPONSE | status=401 time=1.29ms path=/auth/test-auth"}
{"time": "2026-04-10T01:50:39.250324", "level": "INFO", "message": "REQUEST | method=POST path=/auth/login"}
{"time": "2026-04-10T01:50:39.603314", "level": "INFO", "message": "RESPONSE | status=200 time=352.97ms path=/auth/login"}
{"time": "2026-04-10T01:51:01.947752", "level": "INFO", "message": "REQUEST | method=GET path=/auth/test-auth"}
{"time": "2026-04-10T01:51:01.950564", "level": "INFO", "message": "RESPONSE | status=200 time=2.82ms path=/auth/test-auth"}
{"time": "2026-04-10T01:51:54.057375", "level": "INFO", "message": "REQUEST | method=POST path=/auth/logout"}
{"time": "2026-04-10T01:51:54.060696", "level": "INFO", "message": "RESPONSE | status=200 time=3.35ms path=/auth/logout"}
{"time": "2026-04-10T01:52:02.931102", "level": "INFO", "message": "REQUEST | method=GET path=/auth/test-auth"}
{"time": "2026-04-10T01:52:02.932793", "level": "INFO", "message": "RESPONSE | status=401 time=1.67ms path=/auth/test-auth"}
{"time": "2026-04-10T01:53:50.888830", "level": "INFO", "message": "REQUEST | method=POST path=/auth/login"}
{"time": "2026-04-10T01:53:51.260454", "level": "INFO", "message": "RESPONSE | status=200 time=371.6ms path=/auth/login"}
{"time": "2026-04-10T01:54:44.666289", "level": "INFO", "message": "REQUEST | method=GET path=/products/"}
{"time": "2026-04-10T01:55:33.835110", "level": "INFO", "message": "RESPONSE | status=200 time=49168.88ms path=/products/"}
{"time": "2026-04-10T01:57:03.738516", "level": "INFO", "message": "REQUEST | method=GET path=/products/"}
{"time": "2026-04-10T01:57:47.829199", "level": "INFO", "message": "RESPONSE | status=200 time=44090.7ms path=/products/"}
{"time": "2026-04-10T01:58:48.587722", "level": "INFO", "message": "REQUEST | method=GET path=/products/"}
{"time": "2026-04-10T01:59:33.315672", "level": "INFO", "message": "RESPONSE | status=200 time=44728.01ms path=/products/"}
{"time": "2026-04-10T02:00:09.450089", "level": "INFO", "message": "REQUEST | method=GET path=/products/"}
{"time": "2026-04-10T02:00:56.047107", "level": "INFO", "message": "RESPONSE | status=200 time=46596.94ms path=/products/"}
{"time": "2026-04-10T02:01:21.190210", "level": "INFO", "message": "REQUEST | method=GET path=/products/"}
{"time": "2026-04-10T02:02:06.066289", "level": "INFO", "message": "RESPONSE | status=200 time=44876.1ms path=/products/"}
{"time": "2026-04-10T02:30:26.403200", "level": "INFO", "message": "REQUEST | method=POST path=/auth/register"}
{"time": "2026-04-10T02:30:26.406632", "level": "INFO", "message": "RESPONSE | status=404 time=3.51ms path=/auth/register"}
{"time": "2026-04-10T02:31:04.119956", "level": "INFO", "message": "REQUEST | method=POST path=/auth/register"}
{"time": "2026-04-10T02:31:04.122269", "level": "INFO", "message": "RESPONSE | status=404 time=2.24ms path=/auth/register"}
{"time": "2026-04-10T02:35:10.676431", "level": "INFO", "message": "REQUEST | method=GET path=/docs"}
{"time": "2026-04-10T02:35:10.680653", "level": "INFO", "message": "RESPONSE | status=200 time=4.45ms path=/docs"}
{"time": "2026-04-10T02:35:11.056267", "level": "INFO", "message": "REQUEST | method=GET path=/openapi.json"}
{"time": "2026-04-10T02:35:11.188461", "level": "INFO", "message": "RESPONSE | status=200 time=132.17ms path=/openapi.json"}
{"time": "2026-04-10T02:35:38.815515", "level": "INFO", "message": "REQUEST | method=POST path=/register"}
{"time": "2026-04-10T02:35:39.358883", "level": "ERROR", "message": "ERROR | method=POST path=/register error=(pymysql.err.IntegrityError) (1062, \"Duplicate entry 'natarajanelangovan14@gmail.com' for key 'users.ix_users_email'\")\n[SQL: INSERT INTO users (email, password, `role`) VALUES (%(email)s, %(password)s, %(role)s)]\n[parameters: {'email': 'natarajanelangovan14@gmail.com', 'password': '$2b$12$Pu5kGSpHinoXfk6tu/5vE.c4xCl8c/T83VDiAz3SLzVKEH7PwWXoC', 'role': 'customer'}]\n(Background on this error at: https://sqlalche.me/e/20/gkpj) time=543.17ms"}
{"time": "2026-04-10T02:35:52.957496", "level": "INFO", "message": "REQUEST | method=GET path=/docs"}
{"time": "2026-04-10T02:35:52.959828", "level": "INFO", "message": "RESPONSE | status=200 time=2.26ms path=/docs"}
{"time": "2026-04-10T02:35:53.289422", "level": "INFO", "message": "REQUEST | method=GET path=/openapi.json"}
{"time": "2026-04-10T02:35:53.291653", "level": "INFO", "message": "RESPONSE | status=200 time=2.28ms path=/openapi.json"}
{"time": "2026-04-10T02:42:34.928335", "level": "INFO", "message": "REQUEST | method=GET path=/docs"}
{"time": "2026-04-10T02:42:34.930977", "level": "INFO", "message": "RESPONSE | status=200 time=2.72ms path=/docs"}
{"time": "2026-04-10T02:42:55.870295", "level": "INFO", "message": "REQUEST | method=GET path=/docs"}
{"time": "2026-04-10T02:42:55.872252", "level": "INFO", "message": "RESPONSE | status=200 time=1.94ms path=/docs"}
{"time": "2026-04-10T02:42:56.185799", "level": "INFO", "message": "REQUEST | method=GET path=/openapi.json"}
{"time": "2026-04-10T02:42:56.300180", "level": "INFO", "message": "RESPONSE | status=200 time=114.36ms path=/openapi.json"}
{"time": "2026-04-10T02:43:35.556588", "level": "INFO", "message": "REQUEST | method=POST path=/register"}
{"time": "2026-04-10T02:43:36.222335", "level": "INFO", "message": "RESPONSE | status=200 time=665.82ms path=/register"}
{"time": "2026-04-10T02:43:48.122836", "level": "INFO", "message": "REQUEST | method=GET path=/"}
{"time": "2026-04-10T02:43:48.127176", "level": "INFO", "message": "RESPONSE | status=200 time=4.4ms path=/"}
{"time": "2026-04-10T02:46:20.261496", "level": "INFO", "message": "REQUEST | method=GET path=/docs"}
{"time": "2026-04-10T02:46:20.266604", "level": "INFO", "message": "RESPONSE | status=200 time=5.24ms path=/docs"}
{"time": "2026-04-10T02:46:20.642167", "level": "INFO", "message": "REQUEST | method=GET path=/openapi.json"}
{"time": "2026-04-10T02:46:20.738397", "level": "INFO", "message": "RESPONSE | status=200 time=96.25ms path=/openapi.json"}
{"time": "2026-04-10T02:49:29.401793", "level": "INFO", "message": "REQUEST | method=GET path=/"}
{"time": "2026-04-10T02:49:29.407412", "level": "INFO", "message": "RESPONSE | status=200 time=5.62ms path=/"}
{"time": "2026-04-10T02:49:29.842572", "level": "INFO", "message": "REQUEST | method=GET path=/favicon.ico"}
{"time": "2026-04-10T02:49:29.845297", "level": "INFO", "message": "RESPONSE | status=404 time=2.73ms path=/favicon.ico"}
{"time": "2026-04-10T02:49:35.799840", "level": "INFO", "message": "REQUEST | method=GET path=/docs"}
{"time": "2026-04-10T02:49:35.801466", "level": "INFO", "message": "RESPONSE | status=200 time=1.71ms path=/docs"}
{"time": "2026-04-10T02:49:36.082656", "level": "INFO", "message": "REQUEST | method=GET path=/openapi.json"}
{"time": "2026-04-10T02:49:36.250608", "level": "INFO", "message": "RESPONSE | status=200 time=168.01ms path=/openapi.json"}
{"time": "2026-04-10T02:52:12.312350", "level": "INFO", "message": "REQUEST | method=GET path=/docs"}
{"time": "2026-04-10T02:52:12.316596", "level": "INFO", "message": "RESPONSE | status=200 time=4.25ms path=/docs"}
{"time": "2026-04-10T02:52:12.476543", "level": "INFO", "message": "REQUEST | method=GET path=/openapi.json"}
{"time": "2026-04-10T02:52:12.634492", "level": "INFO", "message": "RESPONSE | status=200 time=157.8ms path=/openapi.json"}
{"time": "2026-04-10T02:52:36.130981", "level": "INFO", "message": "REQUEST | method=POST path=/auth/login"}
{"time": "2026-04-10T02:52:36.744283", "level": "INFO", "message": "RESPONSE | status=200 time=613.39ms path=/auth/login"}
{"time": "2026-04-10T02:52:59.614846", "level": "INFO", "message": "REQUEST | method=GET path=/auth/test-auth"}
{"time": "2026-04-10T02:52:59.620825", "level": "INFO", "message": "RESPONSE | status=200 time=5.99ms path=/auth/test-auth"}
{"time": "2026-04-10T02:53:11.057852", "level": "INFO", "message": "REQUEST | method=POST path=/auth/logout"}
{"time": "2026-04-10T02:53:11.064224", "level": "INFO", "message": "RESPONSE | status=200 time=6.38ms path=/auth/logout"}
{"time": "2026-04-10T02:53:18.104915", "level": "INFO", "message": "REQUEST | method=GET path=/auth/test-auth"}
{"time": "2026-04-10T02:53:18.108006", "level": "INFO", "message": "RESPONSE | status=401 time=3.09ms path=/auth/test-auth"}
{"time": "2026-04-10T05:17:25.915082", "level": "INFO", "message": "REQUEST | method=GET path=/docs"}
{"time": "2026-04-10T05:17:25.917207", "level": "INFO", "message": "RESPONSE | status=200 time=2.13ms path=/docs"}
{"time": "2026-04-10T05:17:26.192583", "level": "INFO", "message": "REQUEST | method=GET path=/openapi.json"}
{"time": "2026-04-10T05:17:26.277167", "level": "INFO", "message": "RESPONSE | status=200 time=84.63ms path=/openapi.json"}
{"time": "2026-04-10T05:18:47.116911", "level": "INFO", "message": "REQUEST | method=GET path=/payment/create-intent"}
{"time": "2026-04-10T05:18:47.122916", "level": "INFO", "message": "RESPONSE | status=404 time=6.05ms path=/payment/create-intent"}
{"time": "2026-04-10T05:20:11.576556", "level": "INFO", "message": "REQUEST | method=POST path=/auth/login"}
{"time": "2026-04-10T05:20:12.293367", "level": "INFO", "message": "RESPONSE | status=200 time=716.83ms path=/auth/login"}
{"time": "2026-04-10T05:21:05.694912", "level": "INFO", "message": "REQUEST | method=POST path=/payment-intent"}
{"time": "2026-04-10T05:21:05.696105", "level": "INFO", "message": "RESPONSE | status=404 time=1.21ms path=/payment-intent"}
{"time": "2026-04-10T05:32:34.928715", "level": "INFO", "message": "REQUEST | method=POST path=/payment-intent"}
{"time": "2026-04-10T05:32:34.930654", "level": "INFO", "message": "RESPONSE | status=404 time=2.06ms path=/payment-intent"}
{"time": "2026-04-10T05:33:41.606415", "level": "INFO", "message": "REQUEST | method=POST path=/payment-intent"}
{"time": "2026-04-10T05:33:41.607914", "level": "INFO", "message": "RESPONSE | status=404 time=1.57ms path=/payment-intent"}
{"time": "2026-04-10T05:34:07.895466", "level": "INFO", "message": "REQUEST | method=POST path=/payment/create-intent"}
{"time": "2026-04-10T05:34:09.641121", "level": "INFO", "message": "RESPONSE | status=200 time=1745.67ms path=/payment/create-intent"}
{"time": "2026-04-10T05:36:53.004499", "level": "INFO", "message": "REQUEST | method=POST path=/payment/create-intent"}
{"time": "2026-04-10T05:36:54.089240", "level": "INFO", "message": "RESPONSE | status=200 time=1084.72ms path=/payment/create-intent"}
{"time": "2026-04-10T05:37:07.499482", "level": "INFO", "message": "REQUEST | method=POST path=/payment/create-intent"}
{"time": "2026-04-10T05:37:07.931469", "level": "INFO", "message": "RESPONSE | status=200 time=431.88ms path=/payment/create-intent"}
{"time": "2026-04-10T05:40:23.041051", "level": "INFO", "message": "REQUEST | method=GET path=/"}
{"time": "2026-04-10T05:40:23.046642", "level": "INFO", "message": "RESPONSE | status=200 time=5.66ms path=/"}
{"time": "2026-04-10T05:40:23.313042", "level": "INFO", "message": "REQUEST | method=GET path=/favicon.ico"}
{"time": "2026-04-10T05:40:23.315704", "level": "INFO", "message": "RESPONSE | status=404 time=2.69ms path=/favicon.ico"}
{"time": "2026-04-10T05:40:41.210318", "level": "INFO", "message": "REQUEST | method=POST path=/auth/login"}
{"time": "2026-04-10T05:40:41.812123", "level": "INFO", "message": "RESPONSE | status=200 time=601.75ms path=/auth/login"}
{"time": "2026-04-10T05:41:03.597843", "level": "INFO", "message": "REQUEST | method=POST path=/payment/create-intent"}
{"time": "2026-04-10T05:41:05.313286", "level": "INFO", "message": "RESPONSE | status=200 time=1715.5ms path=/payment/create-intent"}
{"time": "2026-04-10T05:49:08.059847", "level": "INFO", "message": "REQUEST | method=POST path=/payment/create-intent"}
{"time": "2026-04-10T05:49:09.351970", "level": "INFO", "message": "RESPONSE | status=200 time=1292.36ms path=/payment/create-intent"}
{"time": "2026-04-10T05:56:19.994683", "level": "INFO", "message": "REQUEST | method=POST path=/payment/create-intent"}
{"time": "2026-04-10T05:56:21.432198", "level": "INFO", "message": "RESPONSE | status=200 time=1437.58ms path=/payment/create-intent"}
{"time": "2026-04-10T05:56:52.788181", "level": "INFO", "message": "REQUEST | method=POST path=/payment/confirm"}
{"time": "2026-04-10T05:56:52.795263", "level": "INFO", "message": "RESPONSE | status=422 time=7.15ms path=/payment/confirm"}
{"time": "2026-04-10T05:57:20.047907", "level": "INFO", "message": "REQUEST | method=POST path=/payment/confirm"}
{"time": "2026-04-10T05:57:21.334779", "level": "INFO", "message": "RESPONSE | status=200 time=1286.87ms path=/payment/confirm"}
{"time": "2026-04-10T06:29:26.161245", "level": "INFO", "message": "REQUEST | method=POST path=/auth/login"}
{"time": "2026-04-10T06:29:26.771649", "level": "INFO", "message": "RESPONSE | status=200 time=610.2ms path=/auth/login"}
{"time": "2026-04-10T06:30:14.226469", "level": "INFO", "message": "REQUEST | method=POST path=/payment/create-intent"}
{"time": "2026-04-10T06:30:15.998445", "level": "INFO", "message": "RESPONSE | status=200 time=1772.07ms path=/payment/create-intent"}
{"time": "2026-04-10T06:30:49.193293", "level": "INFO", "message": "REQUEST | method=POST path=/payment/confirm"}
{"time": "2026-04-10T06:30:50.434614", "level": "INFO", "message": "RESPONSE | status=200 time=1241.35ms path=/payment/confirm"}
{"time": "2026-04-10T06:36:11.588925", "level": "INFO", "message": "REQUEST | method=POST path=/payment/confirm"}
{"time": "2026-04-10T06:36:14.029699", "level": "INFO", "message": "RESPONSE | status=200 time=2440.85ms path=/payment/confirm"}
{"time": "2026-04-10T06:36:23.835781", "level": "INFO", "message": "REQUEST | method=POST path=/payment/create-intent"}
{"time": "2026-04-10T06:36:24.375952", "level": "INFO", "message": "RESPONSE | status=200 time=540.25ms path=/payment/create-intent"}
{"time": "2026-04-10T06:36:45.888745", "level": "INFO", "message": "REQUEST | method=POST path=/payment/confirm"}
{"time": "2026-04-10T06:36:47.078837", "level": "INFO", "message": "RESPONSE | status=200 time=1190.06ms path=/payment/confirm"}
{"time": "2026-04-10T06:54:22.978400", "level": "INFO", "message": "REQUEST | method=POST path=/auth/login"}
{"time": "2026-04-10T06:54:23.519053", "level": "INFO", "message": "RESPONSE | status=200 time=540.53ms path=/auth/login"}
{"time": "2026-04-10T06:55:15.443706", "level": "INFO", "message": "REQUEST | method=POST path=/payment/create-intent"}
{"time": "2026-04-10T06:55:17.425153", "level": "INFO", "message": "RESPONSE | status=200 time=1981.43ms path=/payment/create-intent"}
{"time": "2026-04-10T06:55:49.145848", "level": "INFO", "message": "REQUEST | method=POST path=/payment/confirm"}
{"time": "2026-04-10T06:55:49.151874", "level": "INFO", "message": "RESPONSE | status=422 time=6.02ms path=/payment/confirm"}
{"time": "2026-04-10T06:56:28.435135", "level": "INFO", "message": "REQUEST | method=POST path=/payment/confirm"}
{"time": "2026-04-10T06:56:29.625445", "level": "INFO", "message": "RESPONSE | status=200 time=1190.39ms path=/payment/confirm"}
{"time": "2026-04-10T07:10:05.337298", "level": "INFO", "message": "REQUEST | method=POST path=/payment/confirm"}
{"time": "2026-04-10T07:10:06.692871", "level": "INFO", "message": "RESPONSE | status=200 time=1355.53ms path=/payment/confirm"}
{"time": "2026-04-10T07:10:17.725430", "level": "INFO", "message": "REQUEST | method=POST path=/payment/create-intent"}
{"time": "2026-04-10T07:10:18.181863", "level": "INFO", "message": "RESPONSE | status=200 time=456.42ms path=/payment/create-intent"}
{"time": "2026-04-10T07:10:44.517595", "level": "INFO", "message": "REQUEST | method=POST path=/payment/confirm"}
{"time": "2026-04-10T07:10:45.810240", "level": "INFO", "message": "RESPONSE | status=200 time=1292.56ms path=/payment/confirm"}
{"time": "2026-04-10T08:12:33.128986", "level": "INFO", "message": "REQUEST | method=POST path=/webhook/stripe"}
{"time": "2026-04-10T08:12:33.131794", "level": "INFO", "message": "REQUEST | method=POST path=/webhook/stripe"}
{"time": "2026-04-10T08:12:33.135193", "level": "INFO", "message": "REQUEST | method=POST path=/webhook/stripe"}
{"time": "2026-04-10T08:12:33.137989", "level": "INFO", "message": "REQUEST | method=POST path=/webhook/stripe"}
{"time": "2026-04-10T08:12:33.272219", "level": "INFO", "message": "RESPONSE | status=200 time=143.45ms path=/webhook/stripe"}
{"time": "2026-04-10T08:12:33.294284", "level": "INFO", "message": "RESPONSE | status=200 time=162.51ms path=/webhook/stripe"}
{"time": "2026-04-10T08:12:33.297593", "level": "INFO", "message": "RESPONSE | status=200 time=163.12ms path=/webhook/stripe"}
{"time": "2026-04-10T08:12:33.306982", "level": "INFO", "message": "RESPONSE | status=200 time=169.0ms path=/webhook/stripe"}
{"time": "2026-04-10T08:12:33.312169", "level": "INFO", "message": "REQUEST | method=POST path=/webhook/stripe"}
{"time": "2026-04-10T08:12:33.320355", "level": "INFO", "message": "RESPONSE | status=200 time=8.18ms path=/webhook/stripe"}
{"time": "2026-04-10T08:12:33.323259", "level": "INFO", "message": "REQUEST | method=POST path=/webhook/stripe"}
{"time": "2026-04-10T08:12:33.333300", "level": "INFO", "message": "RESPONSE | status=200 time=10.05ms path=/webhook/stripe"}
{"time": "2026-04-10T08:12:35.562031", "level": "INFO", "message": "REQUEST | method=POST path=/webhook/stripe"}
{"time": "2026-04-10T08:12:35.567755", "level": "INFO", "message": "RESPONSE | status=200 time=5.7ms path=/webhook/stripe"}
{"time": "2026-04-10T08:12:35.567829", "level": "INFO", "message": "RESPONSE | status=200 time=5.8ms path=/webhook/stripe"}
{"time": "2026-04-10T08:24:40.942574", "level": "INFO", "message": "REQUEST | method=POST path=/webhook/stripe"}
{"time": "2026-04-10T08:24:40.978710", "level": "INFO", "message": "REQUEST | method=POST path=/webhook/stripe"}
{"time": "2026-04-10T08:24:41.056877", "level": "INFO", "message": "RESPONSE | status=200 time=114.42ms path=/webhook/stripe"}
{"time": "2026-04-10T08:24:41.071126", "level": "INFO", "message": "REQUEST | method=POST path=/webhook/stripe"}
{"time": "2026-04-10T08:24:41.073234", "level": "INFO", "message": "REQUEST | method=POST path=/webhook/stripe"}
{"time": "2026-04-10T08:24:41.081752", "level": "INFO", "message": "RESPONSE | status=200 time=103.32ms path=/webhook/stripe"}
{"time": "2026-04-10T08:24:41.094653", "level": "INFO", "message": "REQUEST | method=POST path=/webhook/stripe"}
{"time": "2026-04-10T08:24:41.097734", "level": "INFO", "message": "REQUEST | method=POST path=/webhook/stripe"}
{"time": "2026-04-10T08:24:41.203539", "level": "INFO", "message": "RESPONSE | status=200 time=132.39ms path=/webhook/stripe"}
{"time": "2026-04-10T08:24:41.206389", "level": "INFO", "message": "RESPONSE | status=200 time=133.24ms path=/webhook/stripe"}
{"time": "2026-04-10T08:24:41.209827", "level": "INFO", "message": "RESPONSE | status=200 time=115.9ms path=/webhook/stripe"}
{"time": "2026-04-10T08:24:41.214405", "level": "INFO", "message": "RESPONSE | status=200 time=116.78ms path=/webhook/stripe"}
{"time": "2026-04-10T08:24:43.519591", "level": "INFO", "message": "REQUEST | method=POST path=/webhook/stripe"}
{"time": "2026-04-10T08:24:43.520049", "level": "INFO", "message": "REQUEST | method=POST path=/webhook/stripe"}
{"time": "2026-04-10T08:24:43.526049", "level": "INFO", "message": "RESPONSE | status=200 time=6.67ms path=/webhook/stripe"}
{"time": "2026-04-10T08:24:43.527676", "level": "INFO", "message": "RESPONSE | status=200 time=7.62ms path=/webhook/stripe"}
{"time": "2026-04-10T08:42:33.982015", "level": "INFO", "message": "REQUEST | method=POST path=/webhook/stripe"}
{"time": "2026-04-10T08:42:33.994124", "level": "INFO", "message": "REQUEST | method=POST path=/webhook/stripe"}
{"time": "2026-04-10T08:42:34.055678", "level": "INFO", "message": "RESPONSE | status=200 time=73.77ms path=/webhook/stripe"}
{"time": "2026-04-10T08:42:34.058124", "level": "INFO", "message": "RESPONSE | status=200 time=64.05ms path=/webhook/stripe"}
{"time": "2026-04-10T08:42:34.067685", "level": "INFO", "message": "REQUEST | method=POST path=/webhook/stripe"}
{"time": "2026-04-10T08:42:34.068579", "level": "INFO", "message": "REQUEST | method=POST path=/webhook/stripe"}
{"time": "2026-04-10T08:42:34.072763", "level": "INFO", "message": "REQUEST | method=POST path=/webhook/stripe"}
{"time": "2026-04-10T08:42:34.187973", "level": "INFO", "message": "RESPONSE | status=200 time=120.27ms path=/webhook/stripe"}
{"time": "2026-04-10T08:42:34.191954", "level": "INFO", "message": "RESPONSE | status=200 time=123.41ms path=/webhook/stripe"}
{"time": "2026-04-10T08:42:34.194110", "level": "INFO", "message": "RESPONSE | status=200 time=121.34ms path=/webhook/stripe"}
{"time": "2026-04-10T08:42:34.214147", "level": "INFO", "message": "REQUEST | method=POST path=/webhook/stripe"}
{"time": "2026-04-10T08:42:34.229933", "level": "INFO", "message": "RESPONSE | status=200 time=15.83ms path=/webhook/stripe"}
{"time": "2026-04-10T08:42:36.549062", "level": "INFO", "message": "REQUEST | method=POST path=/webhook/stripe"}
{"time": "2026-04-10T08:42:36.553682", "level": "INFO", "message": "REQUEST | method=POST path=/webhook/stripe"}
{"time": "2026-04-10T08:42:36.556319", "level": "INFO", "message": "RESPONSE | status=200 time=7.23ms path=/webhook/stripe"}
{"time": "2026-04-10T08:42:36.560535", "level": "INFO", "message": "RESPONSE | status=200 time=6.82ms path=/webhook/stripe"}
{"time": "2026-04-10T09:06:48.133743", "level": "INFO", "message": "REQUEST | method=GET path=/"}
{"time": "2026-04-10T09:06:48.175828", "level": "INFO", "message": "RESPONSE | status=200 time=47.41ms path=/"}
{"time": "2026-04-10T09:06:53.285906", "level": "INFO", "message": "REQUEST | method=GET path=/docs"}
{"time": "2026-04-10T09:06:53.289281", "level": "INFO", "message": "RESPONSE | status=200 time=3.36ms path=/docs"}
{"time": "2026-04-10T09:06:53.767235", "level": "INFO", "message": "REQUEST | method=GET path=/openapi.json"}
{"time": "2026-04-10T09:06:54.020861", "level": "INFO", "message": "RESPONSE | status=200 time=253.65ms path=/openapi.json"}
